{"/Users/juliendutruch/Documents/Devprojules/GitHubPerso/OC-Projet9-Front/src/constants/routes.js": {"path":"/Users/juliendutruch/Documents/Devprojules/GitHubPerso/OC-Projet9-Front/src/constants/routes.js","statementMap":{"0":{"start":{"line":6,"column":27},"end":{"line":11,"column":1}},"1":{"start":{"line":13,"column":22},"end":{"line":26,"column":1}},"2":{"start":{"line":14,"column":2},"end":{"line":25,"column":3}},"3":{"start":{"line":16,"column":6},"end":{"line":16,"column":46}},"4":{"start":{"line":18,"column":6},"end":{"line":18,"column":46}},"5":{"start":{"line":20,"column":6},"end":{"line":20,"column":24}},"6":{"start":{"line":22,"column":6},"end":{"line":22,"column":50}},"7":{"start":{"line":24,"column":6},"end":{"line":24,"column":46}}},"fnMap":{"0":{"name":"(anonymous_0)","decl":{"start":{"line":13,"column":22},"end":{"line":13,"column":23}},"loc":{"start":{"line":13,"column":62},"end":{"line":26,"column":1}},"line":13}},"branchMap":{"0":{"loc":{"start":{"line":14,"column":2},"end":{"line":25,"column":3}},"type":"switch","locations":[{"start":{"line":15,"column":4},"end":{"line":16,"column":46}},{"start":{"line":17,"column":4},"end":{"line":18,"column":46}},{"start":{"line":19,"column":4},"end":{"line":20,"column":24}},{"start":{"line":21,"column":4},"end":{"line":22,"column":50}},{"start":{"line":23,"column":4},"end":{"line":24,"column":46}}],"line":14}},"s":{"0":6,"1":6,"2":40,"3":10,"4":13,"5":4,"6":12,"7":1},"f":{"0":40},"b":{"0":[10,13,4,12,1]},"_coverageSchema":"1a1c01bbd47fc00a2c39e90264f33305004495a9","hash":"7d1d5f1b14632e1ce789da91b1655806971f2c44"}
,"/Users/juliendutruch/Documents/Devprojules/GitHubPerso/OC-Projet9-Front/src/constants/usersTest.js": {"path":"/Users/juliendutruch/Documents/Devprojules/GitHubPerso/OC-Projet9-Front/src/constants/usersTest.js","statementMap":{},"fnMap":{},"branchMap":{},"s":{},"f":{},"b":{},"_coverageSchema":"1a1c01bbd47fc00a2c39e90264f33305004495a9","hash":"0f9f249d663b9502748fa9dccb835b4ad6ba1190"}
,"/Users/juliendutruch/Documents/Devprojules/GitHubPerso/OC-Projet9-Front/src/containers/Bills.js": {"path":"/Users/juliendutruch/Documents/Devprojules/GitHubPerso/OC-Projet9-Front/src/containers/Bills.js","statementMap":{"0":{"start":{"line":7,"column":2},"end":{"line":7,"column":27}},"1":{"start":{"line":8,"column":2},"end":{"line":8,"column":31}},"2":{"start":{"line":9,"column":2},"end":{"line":9,"column":21}},"3":{"start":{"line":10,"column":24},"end":{"line":12,"column":3}},"4":{"start":{"line":13,"column":2},"end":{"line":13,"column":85}},"5":{"start":{"line":13,"column":21},"end":{"line":13,"column":85}},"6":{"start":{"line":14,"column":18},"end":{"line":14,"column":74}},"7":{"start":{"line":15,"column":2},"end":{"line":18,"column":6}},"8":{"start":{"line":16,"column":3},"end":{"line":18,"column":6}},"9":{"start":{"line":17,"column":4},"end":{"line":17,"column":72}},"10":{"start":{"line":17,"column":41},"end":{"line":17,"column":70}},"11":{"start":{"line":19,"column":2},"end":{"line":19,"column":53}},"12":{"start":{"line":22,"column":22},"end":{"line":24,"column":2}},"13":{"start":{"line":23,"column":2},"end":{"line":23,"column":42}},"14":{"start":{"line":26,"column":22},"end":{"line":36,"column":2}},"15":{"start":{"line":27,"column":18},"end":{"line":27,"column":52}},"16":{"start":{"line":29,"column":19},"end":{"line":29,"column":61}},"17":{"start":{"line":30,"column":2},"end":{"line":34,"column":5}},"18":{"start":{"line":35,"column":2},"end":{"line":35,"column":33}},"19":{"start":{"line":38,"column":12},"end":{"line":68,"column":2}},"20":{"start":{"line":39,"column":2},"end":{"line":67,"column":3}},"21":{"start":{"line":40,"column":3},"end":{"line":66,"column":7}},"22":{"start":{"line":44,"column":19},"end":{"line":63,"column":8}},"23":{"start":{"line":45,"column":23},"end":{"line":45,"column":47}},"24":{"start":{"line":47,"column":7},"end":{"line":62,"column":8}},"25":{"start":{"line":48,"column":8},"end":{"line":52,"column":10}},"26":{"start":{"line":56,"column":8},"end":{"line":56,"column":35}},"27":{"start":{"line":57,"column":8},"end":{"line":61,"column":10}},"28":{"start":{"line":64,"column":5},"end":{"line":64,"column":41}},"29":{"start":{"line":65,"column":5},"end":{"line":65,"column":18}}},"fnMap":{"0":{"name":"(anonymous_0)","decl":{"start":{"line":6,"column":1},"end":{"line":6,"column":2}},"loc":{"start":{"line":6,"column":60},"end":{"line":20,"column":2}},"line":6},"1":{"name":"(anonymous_1)","decl":{"start":{"line":16,"column":19},"end":{"line":16,"column":20}},"loc":{"start":{"line":16,"column":29},"end":{"line":18,"column":4}},"line":16},"2":{"name":"(anonymous_2)","decl":{"start":{"line":17,"column":35},"end":{"line":17,"column":36}},"loc":{"start":{"line":17,"column":41},"end":{"line":17,"column":70}},"line":17},"3":{"name":"(anonymous_3)","decl":{"start":{"line":22,"column":22},"end":{"line":22,"column":23}},"loc":{"start":{"line":22,"column":28},"end":{"line":24,"column":2}},"line":22},"4":{"name":"(anonymous_4)","decl":{"start":{"line":26,"column":22},"end":{"line":26,"column":23}},"loc":{"start":{"line":26,"column":32},"end":{"line":36,"column":2}},"line":26},"5":{"name":"(anonymous_5)","decl":{"start":{"line":38,"column":12},"end":{"line":38,"column":13}},"loc":{"start":{"line":38,"column":18},"end":{"line":68,"column":2}},"line":38},"6":{"name":"(anonymous_6)","decl":{"start":{"line":43,"column":10},"end":{"line":43,"column":11}},"loc":{"start":{"line":43,"column":24},"end":{"line":66,"column":5}},"line":43},"7":{"name":"(anonymous_7)","decl":{"start":{"line":45,"column":12},"end":{"line":45,"column":13}},"loc":{"start":{"line":45,"column":23},"end":{"line":45,"column":47}},"line":45},"8":{"name":"(anonymous_8)","decl":{"start":{"line":46,"column":11},"end":{"line":46,"column":12}},"loc":{"start":{"line":46,"column":20},"end":{"line":63,"column":7}},"line":46}},"branchMap":{"0":{"loc":{"start":{"line":13,"column":2},"end":{"line":13,"column":85}},"type":"if","locations":[{"start":{"line":13,"column":2},"end":{"line":13,"column":85}},{"start":{},"end":{}}],"line":13},"1":{"loc":{"start":{"line":15,"column":2},"end":{"line":18,"column":6}},"type":"if","locations":[{"start":{"line":15,"column":2},"end":{"line":18,"column":6}},{"start":{},"end":{}}],"line":15},"2":{"loc":{"start":{"line":39,"column":2},"end":{"line":67,"column":3}},"type":"if","locations":[{"start":{"line":39,"column":2},"end":{"line":67,"column":3}},{"start":{},"end":{}}],"line":39},"3":{"loc":{"start":{"line":45,"column":23},"end":{"line":45,"column":47}},"type":"cond-expr","locations":[{"start":{"line":45,"column":41},"end":{"line":45,"column":42}},{"start":{"line":45,"column":45},"end":{"line":45,"column":47}}],"line":45}},"s":{"0":8,"1":8,"2":8,"3":8,"4":8,"5":4,"6":8,"7":8,"8":8,"9":20,"10":0,"11":8,"12":8,"13":2,"14":8,"15":4,"16":4,"17":4,"18":4,"19":8,"20":3,"21":3,"22":2,"23":12,"24":8,"25":8,"26":0,"27":0,"28":2,"29":2},"f":{"0":8,"1":20,"2":0,"3":2,"4":4,"5":3,"6":2,"7":12,"8":8},"b":{"0":[4,4],"1":[8,0],"2":[3,0],"3":[6,6]},"_coverageSchema":"1a1c01bbd47fc00a2c39e90264f33305004495a9","hash":"be078fdaa765dc3a32ec1fbc8c4e7d885bfd4dae"}
,"/Users/juliendutruch/Documents/Devprojules/GitHubPerso/OC-Projet9-Front/src/containers/Dashboard.js": {"path":"/Users/juliendutruch/Documents/Devprojules/GitHubPerso/OC-Projet9-Front/src/containers/Dashboard.js","statementMap":{"0":{"start":{"line":8,"column":29},"end":{"line":28,"column":1}},"1":{"start":{"line":9,"column":1},"end":{"line":27,"column":7}},"2":{"start":{"line":14,"column":4},"end":{"line":23,"column":5}},"3":{"start":{"line":15,"column":5},"end":{"line":15,"column":46}},"4":{"start":{"line":20,"column":5},"end":{"line":22,"column":55}},"5":{"start":{"line":25,"column":4},"end":{"line":25,"column":27}},"6":{"start":{"line":30,"column":20},"end":{"line":57,"column":1}},"7":{"start":{"line":31,"column":27},"end":{"line":31,"column":51}},"8":{"start":{"line":32,"column":19},"end":{"line":34,"column":6}},"9":{"start":{"line":35,"column":18},"end":{"line":37,"column":21}},"10":{"start":{"line":39,"column":1},"end":{"line":56,"column":4}},"11":{"start":{"line":59,"column":21},"end":{"line":61,"column":1}},"12":{"start":{"line":60,"column":1},"end":{"line":60,"column":78}},"13":{"start":{"line":60,"column":52},"end":{"line":60,"column":62}},"14":{"start":{"line":63,"column":25},"end":{"line":72,"column":1}},"15":{"start":{"line":64,"column":1},"end":{"line":71,"column":2}},"16":{"start":{"line":66,"column":3},"end":{"line":66,"column":20}},"17":{"start":{"line":68,"column":3},"end":{"line":68,"column":21}},"18":{"start":{"line":70,"column":3},"end":{"line":70,"column":20}},"19":{"start":{"line":76,"column":2},"end":{"line":76,"column":27}},"20":{"start":{"line":77,"column":2},"end":{"line":77,"column":31}},"21":{"start":{"line":78,"column":2},"end":{"line":78,"column":21}},"22":{"start":{"line":79,"column":2},"end":{"line":79,"column":70}},"23":{"start":{"line":79,"column":33},"end":{"line":79,"column":68}},"24":{"start":{"line":80,"column":2},"end":{"line":80,"column":70}},"25":{"start":{"line":80,"column":33},"end":{"line":80,"column":68}},"26":{"start":{"line":81,"column":2},"end":{"line":81,"column":70}},"27":{"start":{"line":81,"column":33},"end":{"line":81,"column":68}},"28":{"start":{"line":82,"column":2},"end":{"line":82,"column":43}},"29":{"start":{"line":85,"column":22},"end":{"line":95,"column":2}},"30":{"start":{"line":86,"column":18},"end":{"line":86,"column":56}},"31":{"start":{"line":87,"column":19},"end":{"line":87,"column":67}},"32":{"start":{"line":88,"column":2},"end":{"line":92,"column":5}},"33":{"start":{"line":93,"column":2},"end":{"line":94,"column":40}},"34":{"start":{"line":94,"column":3},"end":{"line":94,"column":40}},"35":{"start":{"line":98,"column":2},"end":{"line":98,"column":74}},"36":{"start":{"line":98,"column":57},"end":{"line":98,"column":74}},"37":{"start":{"line":99,"column":2},"end":{"line":99,"column":70}},"38":{"start":{"line":99,"column":52},"end":{"line":99,"column":70}},"39":{"start":{"line":100,"column":2},"end":{"line":116,"column":3}},"40":{"start":{"line":101,"column":3},"end":{"line":103,"column":6}},"41":{"start":{"line":102,"column":4},"end":{"line":102,"column":58}},"42":{"start":{"line":104,"column":3},"end":{"line":104,"column":60}},"43":{"start":{"line":105,"column":3},"end":{"line":105,"column":67}},"44":{"start":{"line":106,"column":3},"end":{"line":106,"column":50}},"45":{"start":{"line":107,"column":3},"end":{"line":107,"column":18}},"46":{"start":{"line":109,"column":3},"end":{"line":109,"column":60}},"47":{"start":{"line":111,"column":3},"end":{"line":113,"column":9}},"48":{"start":{"line":114,"column":3},"end":{"line":114,"column":50}},"49":{"start":{"line":115,"column":3},"end":{"line":115,"column":18}},"50":{"start":{"line":117,"column":2},"end":{"line":117,"column":50}},"51":{"start":{"line":118,"column":2},"end":{"line":118,"column":71}},"52":{"start":{"line":118,"column":37},"end":{"line":118,"column":69}},"53":{"start":{"line":119,"column":2},"end":{"line":119,"column":71}},"54":{"start":{"line":119,"column":37},"end":{"line":119,"column":69}},"55":{"start":{"line":122,"column":22},"end":{"line":130,"column":2}},"56":{"start":{"line":123,"column":18},"end":{"line":127,"column":3}},"57":{"start":{"line":128,"column":2},"end":{"line":128,"column":27}},"58":{"start":{"line":129,"column":2},"end":{"line":129,"column":44}},"59":{"start":{"line":132,"column":22},"end":{"line":140,"column":2}},"60":{"start":{"line":133,"column":18},"end":{"line":137,"column":3}},"61":{"start":{"line":138,"column":2},"end":{"line":138,"column":27}},"62":{"start":{"line":139,"column":2},"end":{"line":139,"column":44}},"63":{"start":{"line":143,"column":2},"end":{"line":143,"column":75}},"64":{"start":{"line":143,"column":58},"end":{"line":143,"column":75}},"65":{"start":{"line":144,"column":2},"end":{"line":144,"column":75}},"66":{"start":{"line":144,"column":56},"end":{"line":144,"column":75}},"67":{"start":{"line":145,"column":2},"end":{"line":155,"column":3}},"68":{"start":{"line":146,"column":3},"end":{"line":146,"column":68}},"69":{"start":{"line":147,"column":3},"end":{"line":149,"column":5}},"70":{"start":{"line":150,"column":3},"end":{"line":150,"column":18}},"71":{"start":{"line":152,"column":3},"end":{"line":152,"column":69}},"72":{"start":{"line":153,"column":3},"end":{"line":153,"column":54}},"73":{"start":{"line":154,"column":3},"end":{"line":154,"column":18}},"74":{"start":{"line":157,"column":2},"end":{"line":163,"column":5}},"75":{"start":{"line":159,"column":3},"end":{"line":162,"column":57}},"76":{"start":{"line":162,"column":18},"end":{"line":162,"column":55}},"77":{"start":{"line":165,"column":2},"end":{"line":165,"column":15}},"78":{"start":{"line":168,"column":20},"end":{"line":186,"column":2}},"79":{"start":{"line":169,"column":2},"end":{"line":185,"column":3}},"80":{"start":{"line":170,"column":3},"end":{"line":184,"column":7}},"81":{"start":{"line":174,"column":19},"end":{"line":179,"column":8}},"82":{"start":{"line":174,"column":42},"end":{"line":179,"column":6}},"83":{"start":{"line":180,"column":5},"end":{"line":180,"column":18}},"84":{"start":{"line":183,"column":5},"end":{"line":183,"column":17}}},"fnMap":{"0":{"name":"(anonymous_0)","decl":{"start":{"line":8,"column":29},"end":{"line":8,"column":30}},"loc":{"start":{"line":8,"column":47},"end":{"line":28,"column":1}},"line":8},"1":{"name":"(anonymous_1)","decl":{"start":{"line":10,"column":16},"end":{"line":10,"column":17}},"loc":{"start":{"line":10,"column":26},"end":{"line":26,"column":5}},"line":10},"2":{"name":"(anonymous_2)","decl":{"start":{"line":30,"column":20},"end":{"line":30,"column":21}},"loc":{"start":{"line":30,"column":30},"end":{"line":57,"column":1}},"line":30},"3":{"name":"(anonymous_3)","decl":{"start":{"line":59,"column":21},"end":{"line":59,"column":22}},"loc":{"start":{"line":59,"column":32},"end":{"line":61,"column":1}},"line":59},"4":{"name":"(anonymous_4)","decl":{"start":{"line":60,"column":42},"end":{"line":60,"column":43}},"loc":{"start":{"line":60,"column":52},"end":{"line":60,"column":62}},"line":60},"5":{"name":"(anonymous_5)","decl":{"start":{"line":63,"column":25},"end":{"line":63,"column":26}},"loc":{"start":{"line":63,"column":36},"end":{"line":72,"column":1}},"line":63},"6":{"name":"(anonymous_6)","decl":{"start":{"line":75,"column":1},"end":{"line":75,"column":2}},"loc":{"start":{"line":75,"column":67},"end":{"line":83,"column":2}},"line":75},"7":{"name":"(anonymous_7)","decl":{"start":{"line":79,"column":26},"end":{"line":79,"column":27}},"loc":{"start":{"line":79,"column":33},"end":{"line":79,"column":68}},"line":79},"8":{"name":"(anonymous_8)","decl":{"start":{"line":80,"column":26},"end":{"line":80,"column":27}},"loc":{"start":{"line":80,"column":33},"end":{"line":80,"column":68}},"line":80},"9":{"name":"(anonymous_9)","decl":{"start":{"line":81,"column":26},"end":{"line":81,"column":27}},"loc":{"start":{"line":81,"column":33},"end":{"line":81,"column":68}},"line":81},"10":{"name":"(anonymous_10)","decl":{"start":{"line":85,"column":22},"end":{"line":85,"column":23}},"loc":{"start":{"line":85,"column":28},"end":{"line":95,"column":2}},"line":85},"11":{"name":"(anonymous_11)","decl":{"start":{"line":97,"column":1},"end":{"line":97,"column":2}},"loc":{"start":{"line":97,"column":34},"end":{"line":120,"column":2}},"line":97},"12":{"name":"(anonymous_12)","decl":{"start":{"line":101,"column":17},"end":{"line":101,"column":18}},"loc":{"start":{"line":101,"column":24},"end":{"line":103,"column":4}},"line":101},"13":{"name":"(anonymous_13)","decl":{"start":{"line":118,"column":30},"end":{"line":118,"column":31}},"loc":{"start":{"line":118,"column":37},"end":{"line":118,"column":69}},"line":118},"14":{"name":"(anonymous_14)","decl":{"start":{"line":119,"column":30},"end":{"line":119,"column":31}},"loc":{"start":{"line":119,"column":37},"end":{"line":119,"column":69}},"line":119},"15":{"name":"(anonymous_15)","decl":{"start":{"line":122,"column":22},"end":{"line":122,"column":23}},"loc":{"start":{"line":122,"column":35},"end":{"line":130,"column":2}},"line":122},"16":{"name":"(anonymous_16)","decl":{"start":{"line":132,"column":22},"end":{"line":132,"column":23}},"loc":{"start":{"line":132,"column":35},"end":{"line":140,"column":2}},"line":132},"17":{"name":"(anonymous_17)","decl":{"start":{"line":142,"column":1},"end":{"line":142,"column":2}},"loc":{"start":{"line":142,"column":36},"end":{"line":166,"column":2}},"line":142},"18":{"name":"(anonymous_18)","decl":{"start":{"line":157,"column":16},"end":{"line":157,"column":17}},"loc":{"start":{"line":157,"column":26},"end":{"line":163,"column":3}},"line":157},"19":{"name":"(anonymous_19)","decl":{"start":{"line":162,"column":11},"end":{"line":162,"column":12}},"loc":{"start":{"line":162,"column":18},"end":{"line":162,"column":55}},"line":162},"20":{"name":"(anonymous_20)","decl":{"start":{"line":168,"column":20},"end":{"line":168,"column":21}},"loc":{"start":{"line":168,"column":26},"end":{"line":186,"column":2}},"line":168},"21":{"name":"(anonymous_21)","decl":{"start":{"line":173,"column":10},"end":{"line":173,"column":11}},"loc":{"start":{"line":173,"column":24},"end":{"line":181,"column":5}},"line":173},"22":{"name":"(anonymous_22)","decl":{"start":{"line":174,"column":32},"end":{"line":174,"column":33}},"loc":{"start":{"line":174,"column":42},"end":{"line":179,"column":6}},"line":174},"23":{"name":"(anonymous_23)","decl":{"start":{"line":182,"column":11},"end":{"line":182,"column":12}},"loc":{"start":{"line":182,"column":22},"end":{"line":184,"column":5}},"line":182}},"branchMap":{"0":{"loc":{"start":{"line":9,"column":8},"end":{"line":27,"column":6}},"type":"cond-expr","locations":[{"start":{"line":10,"column":4},"end":{"line":26,"column":6}},{"start":{"line":27,"column":4},"end":{"line":27,"column":6}}],"line":9},"1":{"loc":{"start":{"line":9,"column":8},"end":{"line":9,"column":27}},"type":"binary-expr","locations":[{"start":{"line":9,"column":8},"end":{"line":9,"column":12}},{"start":{"line":9,"column":16},"end":{"line":9,"column":27}}],"line":9},"2":{"loc":{"start":{"line":14,"column":4},"end":{"line":23,"column":5}},"type":"if","locations":[{"start":{"line":14,"column":4},"end":{"line":23,"column":5}},{"start":{"line":16,"column":11},"end":{"line":23,"column":5}}],"line":14},"3":{"loc":{"start":{"line":21,"column":6},"end":{"line":22,"column":54}},"type":"binary-expr","locations":[{"start":{"line":21,"column":6},"end":{"line":21,"column":28}},{"start":{"line":22,"column":6},"end":{"line":22,"column":54}}],"line":21},"4":{"loc":{"start":{"line":32,"column":19},"end":{"line":34,"column":6}},"type":"cond-expr","locations":[{"start":{"line":33,"column":4},"end":{"line":33,"column":35}},{"start":{"line":34,"column":4},"end":{"line":34,"column":6}}],"line":32},"5":{"loc":{"start":{"line":35,"column":18},"end":{"line":37,"column":21}},"type":"cond-expr","locations":[{"start":{"line":36,"column":4},"end":{"line":36,"column":35}},{"start":{"line":37,"column":4},"end":{"line":37,"column":21}}],"line":35},"6":{"loc":{"start":{"line":60,"column":8},"end":{"line":60,"column":77}},"type":"cond-expr","locations":[{"start":{"line":60,"column":32},"end":{"line":60,"column":72}},{"start":{"line":60,"column":75},"end":{"line":60,"column":77}}],"line":60},"7":{"loc":{"start":{"line":60,"column":8},"end":{"line":60,"column":29}},"type":"binary-expr","locations":[{"start":{"line":60,"column":8},"end":{"line":60,"column":13}},{"start":{"line":60,"column":17},"end":{"line":60,"column":29}}],"line":60},"8":{"loc":{"start":{"line":64,"column":1},"end":{"line":71,"column":2}},"type":"switch","locations":[{"start":{"line":65,"column":2},"end":{"line":66,"column":20}},{"start":{"line":67,"column":2},"end":{"line":68,"column":21}},{"start":{"line":69,"column":2},"end":{"line":70,"column":20}}],"line":64},"9":{"loc":{"start":{"line":93,"column":2},"end":{"line":94,"column":40}},"type":"if","locations":[{"start":{"line":93,"column":2},"end":{"line":94,"column":40}},{"start":{},"end":{}}],"line":93},"10":{"loc":{"start":{"line":98,"column":2},"end":{"line":98,"column":74}},"type":"if","locations":[{"start":{"line":98,"column":2},"end":{"line":98,"column":74}},{"start":{},"end":{}}],"line":98},"11":{"loc":{"start":{"line":98,"column":6},"end":{"line":98,"column":55}},"type":"binary-expr","locations":[{"start":{"line":98,"column":6},"end":{"line":98,"column":32}},{"start":{"line":98,"column":36},"end":{"line":98,"column":55}}],"line":98},"12":{"loc":{"start":{"line":99,"column":2},"end":{"line":99,"column":70}},"type":"if","locations":[{"start":{"line":99,"column":2},"end":{"line":99,"column":70}},{"start":{},"end":{}}],"line":99},"13":{"loc":{"start":{"line":99,"column":6},"end":{"line":99,"column":50}},"type":"binary-expr","locations":[{"start":{"line":99,"column":6},"end":{"line":99,"column":27}},{"start":{"line":99,"column":31},"end":{"line":99,"column":50}}],"line":99},"14":{"loc":{"start":{"line":100,"column":2},"end":{"line":116,"column":3}},"type":"if","locations":[{"start":{"line":100,"column":2},"end":{"line":116,"column":3}},{"start":{"line":108,"column":9},"end":{"line":116,"column":3}}],"line":100},"15":{"loc":{"start":{"line":143,"column":2},"end":{"line":143,"column":75}},"type":"if","locations":[{"start":{"line":143,"column":2},"end":{"line":143,"column":75}},{"start":{},"end":{}}],"line":143},"16":{"loc":{"start":{"line":143,"column":6},"end":{"line":143,"column":56}},"type":"binary-expr","locations":[{"start":{"line":143,"column":6},"end":{"line":143,"column":32}},{"start":{"line":143,"column":36},"end":{"line":143,"column":56}}],"line":143},"17":{"loc":{"start":{"line":144,"column":2},"end":{"line":144,"column":75}},"type":"if","locations":[{"start":{"line":144,"column":2},"end":{"line":144,"column":75}},{"start":{},"end":{}}],"line":144},"18":{"loc":{"start":{"line":144,"column":6},"end":{"line":144,"column":54}},"type":"binary-expr","locations":[{"start":{"line":144,"column":6},"end":{"line":144,"column":30}},{"start":{"line":144,"column":34},"end":{"line":144,"column":54}}],"line":144},"19":{"loc":{"start":{"line":145,"column":2},"end":{"line":155,"column":3}},"type":"if","locations":[{"start":{"line":145,"column":2},"end":{"line":155,"column":3}},{"start":{"line":151,"column":9},"end":{"line":155,"column":3}}],"line":145},"20":{"loc":{"start":{"line":169,"column":2},"end":{"line":185,"column":3}},"type":"if","locations":[{"start":{"line":169,"column":2},"end":{"line":185,"column":3}},{"start":{},"end":{}}],"line":169}},"s":{"0":6,"1":44,"2":104,"3":104,"4":0,"5":104,"6":6,"7":6,"8":6,"9":6,"10":6,"11":6,"12":6,"13":6,"14":6,"15":5,"16":3,"17":1,"18":1,"19":14,"20":14,"21":14,"22":14,"23":0,"24":14,"25":0,"26":14,"27":0,"28":14,"29":14,"30":1,"31":1,"32":1,"33":1,"34":0,"35":3,"36":2,"37":3,"38":2,"39":3,"40":2,"41":8,"42":2,"43":2,"44":2,"45":2,"46":1,"47":1,"48":1,"49":1,"50":3,"51":3,"52":0,"53":3,"54":0,"55":14,"56":1,"57":1,"58":1,"59":14,"60":1,"61":1,"62":1,"63":5,"64":5,"65":5,"66":5,"67":5,"68":5,"69":5,"70":5,"71":0,"72":0,"73":0,"74":5,"75":20,"76":3,"77":5,"78":14,"79":5,"80":5,"81":3,"82":12,"83":3,"84":2},"f":{"0":44,"1":104,"2":6,"3":6,"4":6,"5":5,"6":14,"7":0,"8":0,"9":0,"10":1,"11":3,"12":8,"13":0,"14":0,"15":1,"16":1,"17":5,"18":20,"19":3,"20":5,"21":3,"22":12,"23":2},"b":{"0":[26,18],"1":[44,26],"2":[104,0],"3":[0,0],"4":[0,6],"5":[0,6],"6":[5,1],"7":[6,6],"8":[3,1,1],"9":[0,1],"10":[2,1],"11":[3,3],"12":[2,1],"13":[3,1],"14":[2,1],"15":[5,0],"16":[5,2],"17":[5,0],"18":[5,2],"19":[5,0],"20":[5,0]},"_coverageSchema":"1a1c01bbd47fc00a2c39e90264f33305004495a9","hash":"d368000a350037a9bab9583062162f69e5103de5"}
,"/Users/juliendutruch/Documents/Devprojules/GitHubPerso/OC-Projet9-Front/src/containers/Login.js": {"path":"/Users/juliendutruch/Documents/Devprojules/GitHubPerso/OC-Projet9-Front/src/containers/Login.js","statementMap":{"0":{"start":{"line":2,"column":31},"end":{"line":2,"column":33}},"1":{"start":{"line":13,"column":2},"end":{"line":13,"column":27}},"2":{"start":{"line":14,"column":2},"end":{"line":14,"column":35}},"3":{"start":{"line":15,"column":2},"end":{"line":15,"column":31}},"4":{"start":{"line":16,"column":2},"end":{"line":16,"column":45}},"5":{"start":{"line":17,"column":2},"end":{"line":17,"column":21}},"6":{"start":{"line":18,"column":23},"end":{"line":20,"column":3}},"7":{"start":{"line":21,"column":2},"end":{"line":21,"column":69}},"8":{"start":{"line":22,"column":20},"end":{"line":24,"column":3}},"9":{"start":{"line":25,"column":2},"end":{"line":25,"column":63}},"10":{"start":{"line":27,"column":24},"end":{"line":47,"column":2}},"11":{"start":{"line":28,"column":2},"end":{"line":28,"column":21}},"12":{"start":{"line":29,"column":15},"end":{"line":37,"column":3}},"13":{"start":{"line":38,"column":2},"end":{"line":38,"column":58}},"14":{"start":{"line":39,"column":2},"end":{"line":46,"column":6}},"15":{"start":{"line":40,"column":19},"end":{"line":40,"column":40}},"16":{"start":{"line":42,"column":4},"end":{"line":42,"column":42}},"17":{"start":{"line":43,"column":4},"end":{"line":43,"column":50}},"18":{"start":{"line":44,"column":4},"end":{"line":44,"column":47}},"19":{"start":{"line":45,"column":4},"end":{"line":45,"column":54}},"20":{"start":{"line":49,"column":21},"end":{"line":72,"column":2}},"21":{"start":{"line":50,"column":2},"end":{"line":50,"column":21}},"22":{"start":{"line":53,"column":15},"end":{"line":61,"column":3}},"23":{"start":{"line":63,"column":2},"end":{"line":63,"column":58}},"24":{"start":{"line":64,"column":2},"end":{"line":71,"column":6}},"25":{"start":{"line":65,"column":19},"end":{"line":65,"column":40}},"26":{"start":{"line":67,"column":4},"end":{"line":67,"column":46}},"27":{"start":{"line":68,"column":4},"end":{"line":68,"column":54}},"28":{"start":{"line":69,"column":4},"end":{"line":69,"column":47}},"29":{"start":{"line":70,"column":4},"end":{"line":70,"column":49}},"30":{"start":{"line":75,"column":9},"end":{"line":90,"column":2}},"31":{"start":{"line":76,"column":2},"end":{"line":89,"column":3}},"32":{"start":{"line":77,"column":3},"end":{"line":86,"column":7}},"33":{"start":{"line":85,"column":5},"end":{"line":85,"column":38}},"34":{"start":{"line":88,"column":3},"end":{"line":88,"column":15}},"35":{"start":{"line":93,"column":14},"end":{"line":112,"column":2}},"36":{"start":{"line":94,"column":2},"end":{"line":111,"column":3}},"37":{"start":{"line":95,"column":3},"end":{"line":108,"column":7}},"38":{"start":{"line":106,"column":5},"end":{"line":106,"column":55}},"39":{"start":{"line":107,"column":5},"end":{"line":107,"column":29}},"40":{"start":{"line":110,"column":3},"end":{"line":110,"column":15}}},"fnMap":{"0":{"name":"(anonymous_0)","decl":{"start":{"line":6,"column":1},"end":{"line":6,"column":2}},"loc":{"start":{"line":12,"column":4},"end":{"line":26,"column":2}},"line":12},"1":{"name":"(anonymous_1)","decl":{"start":{"line":27,"column":24},"end":{"line":27,"column":25}},"loc":{"start":{"line":27,"column":31},"end":{"line":47,"column":2}},"line":27},"2":{"name":"(anonymous_2)","decl":{"start":{"line":40,"column":10},"end":{"line":40,"column":11}},"loc":{"start":{"line":40,"column":19},"end":{"line":40,"column":40}},"line":40},"3":{"name":"(anonymous_3)","decl":{"start":{"line":41,"column":9},"end":{"line":41,"column":10}},"loc":{"start":{"line":41,"column":15},"end":{"line":46,"column":4}},"line":41},"4":{"name":"(anonymous_4)","decl":{"start":{"line":49,"column":21},"end":{"line":49,"column":22}},"loc":{"start":{"line":49,"column":28},"end":{"line":72,"column":2}},"line":49},"5":{"name":"(anonymous_5)","decl":{"start":{"line":65,"column":10},"end":{"line":65,"column":11}},"loc":{"start":{"line":65,"column":19},"end":{"line":65,"column":40}},"line":65},"6":{"name":"(anonymous_6)","decl":{"start":{"line":66,"column":9},"end":{"line":66,"column":10}},"loc":{"start":{"line":66,"column":15},"end":{"line":71,"column":4}},"line":66},"7":{"name":"(anonymous_7)","decl":{"start":{"line":75,"column":9},"end":{"line":75,"column":10}},"loc":{"start":{"line":75,"column":19},"end":{"line":90,"column":2}},"line":75},"8":{"name":"(anonymous_8)","decl":{"start":{"line":84,"column":10},"end":{"line":84,"column":11}},"loc":{"start":{"line":84,"column":23},"end":{"line":86,"column":5}},"line":84},"9":{"name":"(anonymous_9)","decl":{"start":{"line":93,"column":14},"end":{"line":93,"column":15}},"loc":{"start":{"line":93,"column":24},"end":{"line":112,"column":2}},"line":93},"10":{"name":"(anonymous_10)","decl":{"start":{"line":105,"column":10},"end":{"line":105,"column":11}},"loc":{"start":{"line":105,"column":16},"end":{"line":108,"column":5}},"line":105}},"branchMap":{"0":{"loc":{"start":{"line":76,"column":2},"end":{"line":89,"column":3}},"type":"if","locations":[{"start":{"line":76,"column":2},"end":{"line":89,"column":3}},{"start":{"line":87,"column":9},"end":{"line":89,"column":3}}],"line":76},"1":{"loc":{"start":{"line":94,"column":2},"end":{"line":111,"column":3}},"type":"if","locations":[{"start":{"line":94,"column":2},"end":{"line":111,"column":3}},{"start":{"line":109,"column":9},"end":{"line":111,"column":3}}],"line":94}},"s":{"0":4,"1":5,"2":5,"3":5,"4":5,"5":5,"6":5,"7":5,"8":5,"9":5,"10":5,"11":2,"12":2,"13":2,"14":2,"15":0,"16":2,"17":2,"18":2,"19":2,"20":5,"21":2,"22":2,"23":2,"24":2,"25":0,"26":2,"27":2,"28":2,"29":2,"30":5,"31":0,"32":0,"33":0,"34":0,"35":5,"36":0,"37":0,"38":0,"39":0,"40":0},"f":{"0":5,"1":2,"2":0,"3":2,"4":2,"5":0,"6":2,"7":0,"8":0,"9":0,"10":0},"b":{"0":[0,0],"1":[0,0]},"_coverageSchema":"1a1c01bbd47fc00a2c39e90264f33305004495a9","hash":"431a910c3fcaf0b819e35d41fc242fb028adf569"}
,"/Users/juliendutruch/Documents/Devprojules/GitHubPerso/OC-Projet9-Front/src/containers/Logout.js": {"path":"/Users/juliendutruch/Documents/Devprojules/GitHubPerso/OC-Projet9-Front/src/containers/Logout.js","statementMap":{"0":{"start":{"line":5,"column":4},"end":{"line":5,"column":28}},"1":{"start":{"line":6,"column":4},"end":{"line":6,"column":32}},"2":{"start":{"line":7,"column":4},"end":{"line":7,"column":36}},"3":{"start":{"line":8,"column":4},"end":{"line":8,"column":51}},"4":{"start":{"line":11,"column":16},"end":{"line":14,"column":3}},"5":{"start":{"line":12,"column":4},"end":{"line":12,"column":29}},"6":{"start":{"line":13,"column":4},"end":{"line":13,"column":41}}},"fnMap":{"0":{"name":"(anonymous_0)","decl":{"start":{"line":4,"column":2},"end":{"line":4,"column":3}},"loc":{"start":{"line":4,"column":54},"end":{"line":9,"column":3}},"line":4},"1":{"name":"(anonymous_1)","decl":{"start":{"line":11,"column":16},"end":{"line":11,"column":17}},"loc":{"start":{"line":11,"column":23},"end":{"line":14,"column":3}},"line":11}},"branchMap":{},"s":{"0":26,"1":26,"2":26,"3":26,"4":26,"5":2,"6":2},"f":{"0":26,"1":2},"b":{},"_coverageSchema":"1a1c01bbd47fc00a2c39e90264f33305004495a9","hash":"45979a2f545b6980a149824f13c5d61d4db144a2"}
,"/Users/juliendutruch/Documents/Devprojules/GitHubPerso/OC-Projet9-Front/src/containers/NewBill.js": {"path":"/Users/juliendutruch/Documents/Devprojules/GitHubPerso/OC-Projet9-Front/src/containers/NewBill.js","statementMap":{"0":{"start":{"line":6,"column":2},"end":{"line":6,"column":27}},"1":{"start":{"line":7,"column":2},"end":{"line":7,"column":31}},"2":{"start":{"line":8,"column":2},"end":{"line":8,"column":21}},"3":{"start":{"line":9,"column":22},"end":{"line":11,"column":3}},"4":{"start":{"line":12,"column":2},"end":{"line":12,"column":60}},"5":{"start":{"line":13,"column":15},"end":{"line":13,"column":71}},"6":{"start":{"line":14,"column":2},"end":{"line":14,"column":57}},"7":{"start":{"line":15,"column":2},"end":{"line":15,"column":22}},"8":{"start":{"line":16,"column":2},"end":{"line":16,"column":23}},"9":{"start":{"line":17,"column":2},"end":{"line":17,"column":21}},"10":{"start":{"line":18,"column":2},"end":{"line":18,"column":53}},"11":{"start":{"line":20,"column":20},"end":{"line":59,"column":2}},"12":{"start":{"line":21,"column":2},"end":{"line":21,"column":21}},"13":{"start":{"line":23,"column":15},"end":{"line":23,"column":32}},"14":{"start":{"line":24,"column":19},"end":{"line":24,"column":41}},"15":{"start":{"line":25,"column":21},"end":{"line":25,"column":66}},"16":{"start":{"line":26,"column":20},"end":{"line":26,"column":28}},"17":{"start":{"line":30,"column":2},"end":{"line":58,"column":3}},"18":{"start":{"line":35,"column":3},"end":{"line":35,"column":35}},"19":{"start":{"line":36,"column":20},"end":{"line":36,"column":34}},"20":{"start":{"line":37,"column":17},"end":{"line":37,"column":63}},"21":{"start":{"line":38,"column":3},"end":{"line":38,"column":33}},"22":{"start":{"line":39,"column":3},"end":{"line":39,"column":35}},"23":{"start":{"line":40,"column":3},"end":{"line":54,"column":44}},"24":{"start":{"line":49,"column":5},"end":{"line":49,"column":26}},"25":{"start":{"line":50,"column":5},"end":{"line":50,"column":23}},"26":{"start":{"line":51,"column":5},"end":{"line":51,"column":28}},"27":{"start":{"line":52,"column":5},"end":{"line":52,"column":30}},"28":{"start":{"line":54,"column":22},"end":{"line":54,"column":42}},"29":{"start":{"line":57,"column":3},"end":{"line":57,"column":71}},"30":{"start":{"line":61,"column":16},"end":{"line":88,"column":2}},"31":{"start":{"line":62,"column":2},"end":{"line":62,"column":21}},"32":{"start":{"line":63,"column":2},"end":{"line":66,"column":4}},"33":{"start":{"line":67,"column":16},"end":{"line":67,"column":62}},"34":{"start":{"line":68,"column":15},"end":{"line":85,"column":3}},"35":{"start":{"line":86,"column":2},"end":{"line":86,"column":24}},"36":{"start":{"line":87,"column":2},"end":{"line":87,"column":40}},"37":{"start":{"line":91,"column":14},"end":{"line":101,"column":2}},"38":{"start":{"line":92,"column":2},"end":{"line":100,"column":3}},"39":{"start":{"line":93,"column":3},"end":{"line":99,"column":44}},"40":{"start":{"line":97,"column":5},"end":{"line":97,"column":43}},"41":{"start":{"line":99,"column":22},"end":{"line":99,"column":42}}},"fnMap":{"0":{"name":"(anonymous_0)","decl":{"start":{"line":5,"column":1},"end":{"line":5,"column":2}},"loc":{"start":{"line":5,"column":60},"end":{"line":19,"column":2}},"line":5},"1":{"name":"(anonymous_1)","decl":{"start":{"line":20,"column":20},"end":{"line":20,"column":21}},"loc":{"start":{"line":20,"column":27},"end":{"line":59,"column":2}},"line":20},"2":{"name":"(anonymous_2)","decl":{"start":{"line":48,"column":10},"end":{"line":48,"column":11}},"loc":{"start":{"line":48,"column":32},"end":{"line":53,"column":5}},"line":48},"3":{"name":"(anonymous_3)","decl":{"start":{"line":54,"column":11},"end":{"line":54,"column":12}},"loc":{"start":{"line":54,"column":22},"end":{"line":54,"column":42}},"line":54},"4":{"name":"(anonymous_4)","decl":{"start":{"line":61,"column":16},"end":{"line":61,"column":17}},"loc":{"start":{"line":61,"column":23},"end":{"line":88,"column":2}},"line":61},"5":{"name":"(anonymous_5)","decl":{"start":{"line":91,"column":14},"end":{"line":91,"column":15}},"loc":{"start":{"line":91,"column":24},"end":{"line":101,"column":2}},"line":91},"6":{"name":"(anonymous_6)","decl":{"start":{"line":96,"column":10},"end":{"line":96,"column":11}},"loc":{"start":{"line":96,"column":16},"end":{"line":98,"column":5}},"line":96},"7":{"name":"(anonymous_7)","decl":{"start":{"line":99,"column":11},"end":{"line":99,"column":12}},"loc":{"start":{"line":99,"column":22},"end":{"line":99,"column":42}},"line":99}},"branchMap":{"0":{"loc":{"start":{"line":30,"column":2},"end":{"line":58,"column":3}},"type":"if","locations":[{"start":{"line":30,"column":2},"end":{"line":58,"column":3}},{"start":{"line":56,"column":9},"end":{"line":58,"column":3}}],"line":30},"1":{"loc":{"start":{"line":31,"column":3},"end":{"line":33,"column":24}},"type":"binary-expr","locations":[{"start":{"line":31,"column":3},"end":{"line":31,"column":24}},{"start":{"line":32,"column":3},"end":{"line":32,"column":25}},{"start":{"line":33,"column":3},"end":{"line":33,"column":24}}],"line":31},"2":{"loc":{"start":{"line":78,"column":4},"end":{"line":79,"column":6}},"type":"binary-expr","locations":[{"start":{"line":78,"column":4},"end":{"line":78,"column":70}},{"start":{"line":79,"column":4},"end":{"line":79,"column":6}}],"line":78},"3":{"loc":{"start":{"line":92,"column":2},"end":{"line":100,"column":3}},"type":"if","locations":[{"start":{"line":92,"column":2},"end":{"line":100,"column":3}},{"start":{},"end":{}}],"line":92}},"s":{"0":3,"1":3,"2":3,"3":3,"4":3,"5":3,"6":3,"7":3,"8":3,"9":3,"10":3,"11":3,"12":2,"13":2,"14":2,"15":2,"16":2,"17":2,"18":2,"19":2,"20":2,"21":2,"22":2,"23":2,"24":2,"25":2,"26":2,"27":2,"28":0,"29":0,"30":3,"31":4,"32":4,"33":4,"34":4,"35":4,"36":4,"37":3,"38":4,"39":2,"40":2,"41":0},"f":{"0":3,"1":2,"2":2,"3":0,"4":4,"5":4,"6":2,"7":0},"b":{"0":[2,0],"1":[2,2,2],"2":[4,4],"3":[2,2]},"_coverageSchema":"1a1c01bbd47fc00a2c39e90264f33305004495a9","hash":"0f78fcf595295e685677643b32cb5723212a08c4"}
,"/Users/juliendutruch/Documents/Devprojules/GitHubPerso/OC-Projet9-Front/src/views/Actions.js": {"path":"/Users/juliendutruch/Documents/Devprojules/GitHubPerso/OC-Projet9-Front/src/views/Actions.js","statementMap":{"0":{"start":{"line":5,"column":2},"end":{"line":11,"column":3}}},"fnMap":{"0":{"name":"(anonymous_0)","decl":{"start":{"line":4,"column":15},"end":{"line":4,"column":16}},"loc":{"start":{"line":4,"column":28},"end":{"line":12,"column":1}},"line":4}},"branchMap":{},"s":{"0":26},"f":{"0":26},"b":{},"_coverageSchema":"1a1c01bbd47fc00a2c39e90264f33305004495a9","hash":"dcb150324479aecf1015838c9747639ae43d4851"}
,"/Users/juliendutruch/Documents/Devprojules/GitHubPerso/OC-Projet9-Front/src/views/BillsUI.js": {"path":"/Users/juliendutruch/Documents/Devprojules/GitHubPerso/OC-Projet9-Front/src/views/BillsUI.js","statementMap":{"0":{"start":{"line":7,"column":12},"end":{"line":20,"column":3}},"1":{"start":{"line":8,"column":2},"end":{"line":19,"column":6}},"2":{"start":{"line":22,"column":15},"end":{"line":34,"column":1}},"3":{"start":{"line":24,"column":17},"end":{"line":24,"column":19}},"4":{"start":{"line":25,"column":0},"end":{"line":30,"column":1}},"5":{"start":{"line":26,"column":4},"end":{"line":29,"column":7}},"6":{"start":{"line":27,"column":20},"end":{"line":27,"column":36}},"7":{"start":{"line":27,"column":46},"end":{"line":27,"column":62}},"8":{"start":{"line":28,"column":8},"end":{"line":28,"column":29}},"9":{"start":{"line":33,"column":2},"end":{"line":33,"column":80}},"10":{"start":{"line":33,"column":56},"end":{"line":33,"column":65}},"11":{"start":{"line":38,"column":16},"end":{"line":53,"column":4}},"12":{"start":{"line":38,"column":23},"end":{"line":53,"column":3}},"13":{"start":{"line":56,"column":2},"end":{"line":60,"column":3}},"14":{"start":{"line":57,"column":4},"end":{"line":57,"column":24}},"15":{"start":{"line":58,"column":9},"end":{"line":60,"column":3}},"16":{"start":{"line":59,"column":4},"end":{"line":59,"column":27}},"17":{"start":{"line":62,"column":2},"end":{"line":90,"column":3}}},"fnMap":{"0":{"name":"(anonymous_0)","decl":{"start":{"line":7,"column":12},"end":{"line":7,"column":13}},"loc":{"start":{"line":7,"column":22},"end":{"line":20,"column":3}},"line":7},"1":{"name":"(anonymous_1)","decl":{"start":{"line":22,"column":15},"end":{"line":22,"column":16}},"loc":{"start":{"line":22,"column":25},"end":{"line":34,"column":1}},"line":22},"2":{"name":"(anonymous_2)","decl":{"start":{"line":26,"column":27},"end":{"line":26,"column":28}},"loc":{"start":{"line":26,"column":42},"end":{"line":29,"column":5}},"line":26},"3":{"name":"(anonymous_3)","decl":{"start":{"line":33,"column":48},"end":{"line":33,"column":49}},"loc":{"start":{"line":33,"column":56},"end":{"line":33,"column":65}},"line":33},"4":{"name":"(anonymous_4)","decl":{"start":{"line":36,"column":15},"end":{"line":36,"column":16}},"loc":{"start":{"line":36,"column":52},"end":{"line":91,"column":1}},"line":36},"5":{"name":"(anonymous_5)","decl":{"start":{"line":38,"column":16},"end":{"line":38,"column":17}},"loc":{"start":{"line":38,"column":23},"end":{"line":53,"column":3}},"line":38}},"branchMap":{"0":{"loc":{"start":{"line":25,"column":0},"end":{"line":30,"column":1}},"type":"if","locations":[{"start":{"line":25,"column":0},"end":{"line":30,"column":1}},{"start":{},"end":{}}],"line":25},"1":{"loc":{"start":{"line":33,"column":9},"end":{"line":33,"column":80}},"type":"cond-expr","locations":[{"start":{"line":33,"column":33},"end":{"line":33,"column":75}},{"start":{"line":33,"column":78},"end":{"line":33,"column":80}}],"line":33},"2":{"loc":{"start":{"line":33,"column":10},"end":{"line":33,"column":29}},"type":"binary-expr","locations":[{"start":{"line":33,"column":10},"end":{"line":33,"column":14}},{"start":{"line":33,"column":18},"end":{"line":33,"column":29}}],"line":33},"3":{"loc":{"start":{"line":56,"column":2},"end":{"line":60,"column":3}},"type":"if","locations":[{"start":{"line":56,"column":2},"end":{"line":60,"column":3}},{"start":{"line":58,"column":9},"end":{"line":60,"column":3}}],"line":56},"4":{"loc":{"start":{"line":58,"column":9},"end":{"line":60,"column":3}},"type":"if","locations":[{"start":{"line":58,"column":9},"end":{"line":60,"column":3}},{"start":{},"end":{}}],"line":58}},"s":{"0":6,"1":24,"2":6,"3":15,"4":15,"5":7,"6":21,"7":21,"8":21,"9":15,"10":24,"11":21,"12":15,"13":21,"14":3,"15":18,"16":3,"17":15},"f":{"0":24,"1":15,"2":21,"3":24,"4":21,"5":15},"b":{"0":[7,8],"1":[6,9],"2":[15,7],"3":[3,18],"4":[3,15]},"_coverageSchema":"1a1c01bbd47fc00a2c39e90264f33305004495a9","hash":"a0567b7924d9f2c2dc83ed9054a365ee26a8c13c"}
,"/Users/juliendutruch/Documents/Devprojules/GitHubPerso/OC-Projet9-Front/src/views/DashboardFormUI.js": {"path":"/Users/juliendutruch/Documents/Devprojules/GitHubPerso/OC-Projet9-Front/src/views/DashboardFormUI.js","statementMap":{"0":{"start":{"line":7,"column":21},"end":{"line":22,"column":4}},"1":{"start":{"line":7,"column":28},"end":{"line":22,"column":3}},"2":{"start":{"line":26,"column":2},"end":{"line":101,"column":4}}},"fnMap":{"0":{"name":"(anonymous_0)","decl":{"start":{"line":7,"column":21},"end":{"line":7,"column":22}},"loc":{"start":{"line":7,"column":28},"end":{"line":22,"column":3}},"line":7},"1":{"name":"(anonymous_1)","decl":{"start":{"line":24,"column":15},"end":{"line":24,"column":16}},"loc":{"start":{"line":24,"column":25},"end":{"line":102,"column":1}},"line":24}},"branchMap":{"0":{"loc":{"start":{"line":79,"column":9},"end":{"line":89,"column":9}},"type":"cond-expr","locations":[{"start":{"line":79,"column":38},"end":{"line":84,"column":8}},{"start":{"line":84,"column":13},"end":{"line":89,"column":8}}],"line":79},"1":{"loc":{"start":{"line":92,"column":8},"end":{"line":97,"column":13}},"type":"cond-expr","locations":[{"start":{"line":92,"column":37},"end":{"line":97,"column":7}},{"start":{"line":97,"column":11},"end":{"line":97,"column":13}}],"line":92}},"s":{"0":7,"1":9,"2":9},"f":{"0":9,"1":9},"b":{"0":[6,3],"1":[6,3]},"_coverageSchema":"1a1c01bbd47fc00a2c39e90264f33305004495a9","hash":"f18d41bcdf454ae4a81237b101d360bafc902038"}
,"/Users/juliendutruch/Documents/Devprojules/GitHubPerso/OC-Projet9-Front/src/views/DashboardUI.js": {"path":"/Users/juliendutruch/Documents/Devprojules/GitHubPerso/OC-Projet9-Front/src/views/DashboardUI.js","statementMap":{"0":{"start":{"line":10,"column":2},"end":{"line":14,"column":3}},"1":{"start":{"line":11,"column":4},"end":{"line":11,"column":24}},"2":{"start":{"line":12,"column":9},"end":{"line":14,"column":3}},"3":{"start":{"line":13,"column":4},"end":{"line":13,"column":27}},"4":{"start":{"line":16,"column":2},"end":{"line":48,"column":3}}},"fnMap":{"0":{"name":"(anonymous_0)","decl":{"start":{"line":8,"column":15},"end":{"line":8,"column":16}},"loc":{"start":{"line":8,"column":45},"end":{"line":49,"column":1}},"line":8}},"branchMap":{"0":{"loc":{"start":{"line":10,"column":2},"end":{"line":14,"column":3}},"type":"if","locations":[{"start":{"line":10,"column":2},"end":{"line":14,"column":3}},{"start":{"line":12,"column":9},"end":{"line":14,"column":3}}],"line":10},"1":{"loc":{"start":{"line":12,"column":9},"end":{"line":14,"column":3}},"type":"if","locations":[{"start":{"line":12,"column":9},"end":{"line":14,"column":3}},{"start":{},"end":{}}],"line":12},"2":{"loc":{"start":{"line":22,"column":45},"end":{"line":22,"column":63}},"type":"binary-expr","locations":[{"start":{"line":22,"column":45},"end":{"line":22,"column":49}},{"start":{"line":22,"column":53},"end":{"line":22,"column":63}}],"line":22},"3":{"loc":{"start":{"line":29,"column":43},"end":{"line":29,"column":61}},"type":"binary-expr","locations":[{"start":{"line":29,"column":43},"end":{"line":29,"column":47}},{"start":{"line":29,"column":51},"end":{"line":29,"column":61}}],"line":29},"4":{"loc":{"start":{"line":36,"column":43},"end":{"line":36,"column":61}},"type":"binary-expr","locations":[{"start":{"line":36,"column":43},"end":{"line":36,"column":47}},{"start":{"line":36,"column":51},"end":{"line":36,"column":61}}],"line":36}},"s":{"0":21,"1":6,"2":15,"3":3,"4":12},"f":{"0":21},"b":{"0":[6,15],"1":[3,12],"2":[12,7],"3":[12,7],"4":[12,7]},"_coverageSchema":"1a1c01bbd47fc00a2c39e90264f33305004495a9","hash":"6ffed5cfe289d4511378a20e982b55dc2e689da9"}
,"/Users/juliendutruch/Documents/Devprojules/GitHubPerso/OC-Projet9-Front/src/views/ErrorPage.js": {"path":"/Users/juliendutruch/Documents/Devprojules/GitHubPerso/OC-Projet9-Front/src/views/ErrorPage.js","statementMap":{"0":{"start":{"line":4,"column":2},"end":{"line":15,"column":3}}},"fnMap":{"0":{"name":"(anonymous_0)","decl":{"start":{"line":3,"column":15},"end":{"line":3,"column":16}},"loc":{"start":{"line":3,"column":26},"end":{"line":16,"column":1}},"line":3}},"branchMap":{"0":{"loc":{"start":{"line":12,"column":12},"end":{"line":12,"column":30}},"type":"cond-expr","locations":[{"start":{"line":12,"column":20},"end":{"line":12,"column":25}},{"start":{"line":12,"column":28},"end":{"line":12,"column":30}}],"line":12}},"s":{"0":8},"f":{"0":8},"b":{"0":[7,1]},"_coverageSchema":"1a1c01bbd47fc00a2c39e90264f33305004495a9","hash":"e3033df60b0b35bab8686fd98d2968ff6577a1ba"}
,"/Users/juliendutruch/Documents/Devprojules/GitHubPerso/OC-Projet9-Front/src/views/LoadingPage.js": {"path":"/Users/juliendutruch/Documents/Devprojules/GitHubPerso/OC-Projet9-Front/src/views/LoadingPage.js","statementMap":{"0":{"start":{"line":5,"column":2},"end":{"line":12,"column":3}}},"fnMap":{"0":{"name":"(anonymous_0)","decl":{"start":{"line":3,"column":15},"end":{"line":3,"column":16}},"loc":{"start":{"line":3,"column":21},"end":{"line":13,"column":1}},"line":3}},"branchMap":{},"s":{"0":10},"f":{"0":10},"b":{},"_coverageSchema":"1a1c01bbd47fc00a2c39e90264f33305004495a9","hash":"cc1e5163f4bd5403a559c07919a38bb6b46fccb3"}
,"/Users/juliendutruch/Documents/Devprojules/GitHubPerso/OC-Projet9-Front/src/views/LoginUI.js": {"path":"/Users/juliendutruch/Documents/Devprojules/GitHubPerso/OC-Projet9-Front/src/views/LoginUI.js","statementMap":{"0":{"start":{"line":3,"column":2},"end":{"line":45,"column":4}}},"fnMap":{"0":{"name":"(anonymous_0)","decl":{"start":{"line":1,"column":15},"end":{"line":1,"column":16}},"loc":{"start":{"line":1,"column":21},"end":{"line":46,"column":1}},"line":1}},"branchMap":{},"s":{"0":17},"f":{"0":17},"b":{},"_coverageSchema":"1a1c01bbd47fc00a2c39e90264f33305004495a9","hash":"568493cfd90380872e03fb70828ded8de2d005c7"}
,"/Users/juliendutruch/Documents/Devprojules/GitHubPerso/OC-Projet9-Front/src/views/NewBillUI.js": {"path":"/Users/juliendutruch/Documents/Devprojules/GitHubPerso/OC-Projet9-Front/src/views/NewBillUI.js","statementMap":{"0":{"start":{"line":5,"column":2},"end":{"line":75,"column":4}}},"fnMap":{"0":{"name":"(anonymous_0)","decl":{"start":{"line":3,"column":15},"end":{"line":3,"column":16}},"loc":{"start":{"line":3,"column":21},"end":{"line":76,"column":1}},"line":3}},"branchMap":{},"s":{"0":6},"f":{"0":6},"b":{},"_coverageSchema":"1a1c01bbd47fc00a2c39e90264f33305004495a9","hash":"390ef3e76ac54a0e448979c766a016323f7ce127"}
,"/Users/juliendutruch/Documents/Devprojules/GitHubPerso/OC-Projet9-Front/src/views/VerticalLayout.js": {"path":"/Users/juliendutruch/Documents/Devprojules/GitHubPerso/OC-Projet9-Front/src/views/VerticalLayout.js","statementMap":{"0":{"start":{"line":7,"column":4},"end":{"line":7,"column":51}},"1":{"start":{"line":8,"column":4},"end":{"line":10,"column":5}},"2":{"start":{"line":9,"column":6},"end":{"line":9,"column":29}},"3":{"start":{"line":11,"column":4},"end":{"line":39,"column":5}},"4":{"start":{"line":12,"column":6},"end":{"line":27,"column":7}},"5":{"start":{"line":29,"column":6},"end":{"line":38,"column":7}}},"fnMap":{"0":{"name":"(anonymous_0)","decl":{"start":{"line":5,"column":15},"end":{"line":5,"column":16}},"loc":{"start":{"line":5,"column":27},"end":{"line":40,"column":1}},"line":5}},"branchMap":{"0":{"loc":{"start":{"line":8,"column":4},"end":{"line":10,"column":5}},"type":"if","locations":[{"start":{"line":8,"column":4},"end":{"line":10,"column":5}},{"start":{},"end":{}}],"line":8},"1":{"loc":{"start":{"line":11,"column":4},"end":{"line":39,"column":5}},"type":"if","locations":[{"start":{"line":11,"column":4},"end":{"line":39,"column":5}},{"start":{"line":28,"column":11},"end":{"line":39,"column":5}}],"line":11},"2":{"loc":{"start":{"line":11,"column":8},"end":{"line":11,"column":40}},"type":"binary-expr","locations":[{"start":{"line":11,"column":8},"end":{"line":11,"column":12}},{"start":{"line":11,"column":16},"end":{"line":11,"column":40}}],"line":11}},"s":{"0":52,"1":52,"2":40,"3":52,"4":24,"5":28},"f":{"0":52},"b":{"0":[40,12],"1":[24,28],"2":[52,40]},"_coverageSchema":"1a1c01bbd47fc00a2c39e90264f33305004495a9","hash":"4cd9be7d7e5a60a4334aef0e8e43f7d2adaeb37e"}
}
