TN:
SF:src/constants/routes.js
FN:13,(anonymous_0)
FNF:1
FNH:1
FNDA:39,(anonymous_0)
DA:6,6
DA:13,6
DA:14,39
DA:16,10
DA:18,13
DA:20,3
DA:22,12
DA:24,1
LF:8
LH:8
BRDA:14,0,0,10
BRDA:14,0,1,13
BRDA:14,0,2,3
BRDA:14,0,3,12
BRDA:14,0,4,1
BRF:5
BRH:5
end_of_record
TN:
SF:src/constants/usersTest.js
FNF:0
FNH:0
LF:0
LH:0
BRF:0
BRH:0
end_of_record
TN:
SF:src/containers/Bills.js
FN:6,(anonymous_0)
FN:16,(anonymous_1)
FN:17,(anonymous_2)
FN:22,(anonymous_3)
FN:26,(anonymous_4)
FN:38,(anonymous_5)
FN:43,(anonymous_6)
FN:45,(anonymous_7)
FN:46,(anonymous_8)
FNF:9
FNH:8
FNDA:8,(anonymous_0)
FNDA:20,(anonymous_1)
FNDA:0,(anonymous_2)
FNDA:1,(anonymous_3)
FNDA:4,(anonymous_4)
FNDA:3,(anonymous_5)
FNDA:2,(anonymous_6)
FNDA:12,(anonymous_7)
FNDA:8,(anonymous_8)
DA:7,8
DA:8,8
DA:9,8
DA:10,8
DA:14,8
DA:15,8
DA:16,8
DA:17,20
DA:19,8
DA:22,8
DA:23,1
DA:26,8
DA:27,4
DA:29,4
DA:30,4
DA:35,4
DA:38,8
DA:39,3
DA:40,3
DA:44,2
DA:45,12
DA:47,8
DA:48,8
DA:56,0
DA:57,0
DA:64,2
DA:65,2
LF:27
LH:25
BRDA:15,0,0,8
BRDA:15,0,1,0
BRDA:39,1,0,3
BRDA:39,1,1,0
BRDA:45,2,0,6
BRDA:45,2,1,6
BRF:6
BRH:4
end_of_record
TN:
SF:src/containers/Dashboard.js
FN:8,(anonymous_0)
FN:10,(anonymous_1)
FN:30,(anonymous_2)
FN:59,(anonymous_3)
FN:60,(anonymous_4)
FN:63,(anonymous_5)
FN:75,(anonymous_6)
FN:79,(anonymous_7)
FN:80,(anonymous_8)
FN:81,(anonymous_9)
FN:85,(anonymous_10)
FN:97,(anonymous_11)
FN:101,(anonymous_12)
FN:118,(anonymous_13)
FN:119,(anonymous_14)
FN:122,(anonymous_15)
FN:132,(anonymous_16)
FN:142,(anonymous_17)
FN:157,(anonymous_18)
FN:162,(anonymous_19)
FN:168,(anonymous_20)
FN:173,(anonymous_21)
FN:174,(anonymous_22)
FN:182,(anonymous_23)
FNF:24
FNH:19
FNDA:44,(anonymous_0)
FNDA:104,(anonymous_1)
FNDA:6,(anonymous_2)
FNDA:6,(anonymous_3)
FNDA:6,(anonymous_4)
FNDA:5,(anonymous_5)
FNDA:14,(anonymous_6)
FNDA:0,(anonymous_7)
FNDA:0,(anonymous_8)
FNDA:0,(anonymous_9)
FNDA:1,(anonymous_10)
FNDA:3,(anonymous_11)
FNDA:8,(anonymous_12)
FNDA:0,(anonymous_13)
FNDA:0,(anonymous_14)
FNDA:1,(anonymous_15)
FNDA:1,(anonymous_16)
FNDA:5,(anonymous_17)
FNDA:20,(anonymous_18)
FNDA:3,(anonymous_19)
FNDA:5,(anonymous_20)
FNDA:3,(anonymous_21)
FNDA:12,(anonymous_22)
FNDA:2,(anonymous_23)
DA:8,6
DA:9,44
DA:14,104
DA:15,104
DA:20,0
DA:25,104
DA:30,6
DA:31,6
DA:32,6
DA:35,6
DA:39,6
DA:59,6
DA:60,6
DA:63,6
DA:64,5
DA:66,3
DA:68,1
DA:70,1
DA:76,14
DA:77,14
DA:78,14
DA:79,14
DA:80,14
DA:81,14
DA:82,14
DA:85,14
DA:86,1
DA:87,1
DA:88,1
DA:93,1
DA:94,0
DA:98,3
DA:99,3
DA:100,3
DA:101,2
DA:102,8
DA:104,2
DA:105,2
DA:106,2
DA:107,2
DA:109,1
DA:111,1
DA:114,1
DA:115,1
DA:117,3
DA:118,3
DA:119,3
DA:122,14
DA:123,1
DA:128,1
DA:129,1
DA:132,14
DA:133,1
DA:138,1
DA:139,1
DA:143,5
DA:144,5
DA:145,5
DA:146,5
DA:147,5
DA:150,5
DA:152,0
DA:153,0
DA:154,0
DA:157,5
DA:159,20
DA:162,3
DA:165,5
DA:168,14
DA:169,5
DA:170,5
DA:174,12
DA:180,3
DA:183,2
LF:74
LH:69
BRDA:9,0,0,26
BRDA:9,0,1,18
BRDA:9,1,0,44
BRDA:9,1,1,26
BRDA:14,2,0,104
BRDA:14,2,1,0
BRDA:21,3,0,0
BRDA:21,3,1,0
BRDA:32,4,0,0
BRDA:32,4,1,6
BRDA:35,5,0,0
BRDA:35,5,1,6
BRDA:60,6,0,5
BRDA:60,6,1,1
BRDA:60,7,0,6
BRDA:60,7,1,6
BRDA:64,8,0,3
BRDA:64,8,1,1
BRDA:64,8,2,1
BRDA:93,9,0,0
BRDA:93,9,1,1
BRDA:98,10,0,2
BRDA:98,10,1,1
BRDA:98,11,0,3
BRDA:98,11,1,3
BRDA:99,12,0,2
BRDA:99,12,1,1
BRDA:99,13,0,3
BRDA:99,13,1,1
BRDA:100,14,0,2
BRDA:100,14,1,1
BRDA:143,15,0,5
BRDA:143,15,1,0
BRDA:143,16,0,5
BRDA:143,16,1,2
BRDA:144,17,0,5
BRDA:144,17,1,0
BRDA:144,18,0,5
BRDA:144,18,1,2
BRDA:145,19,0,5
BRDA:145,19,1,0
BRDA:169,20,0,5
BRDA:169,20,1,0
BRF:43
BRH:33
end_of_record
TN:
SF:src/containers/Login.js
FN:6,(anonymous_0)
FN:27,(anonymous_1)
FN:40,(anonymous_2)
FN:41,(anonymous_3)
FN:49,(anonymous_4)
FN:65,(anonymous_5)
FN:66,(anonymous_6)
FN:75,(anonymous_7)
FN:84,(anonymous_8)
FN:93,(anonymous_9)
FN:105,(anonymous_10)
FNF:11
FNH:5
FNDA:5,(anonymous_0)
FNDA:2,(anonymous_1)
FNDA:0,(anonymous_2)
FNDA:2,(anonymous_3)
FNDA:2,(anonymous_4)
FNDA:0,(anonymous_5)
FNDA:2,(anonymous_6)
FNDA:0,(anonymous_7)
FNDA:0,(anonymous_8)
FNDA:0,(anonymous_9)
FNDA:0,(anonymous_10)
DA:2,4
DA:13,5
DA:14,5
DA:15,5
DA:16,5
DA:17,5
DA:18,5
DA:21,5
DA:22,5
DA:25,5
DA:27,5
DA:28,2
DA:29,2
DA:38,2
DA:39,2
DA:40,0
DA:42,2
DA:43,2
DA:44,2
DA:45,2
DA:49,5
DA:50,2
DA:53,2
DA:63,2
DA:64,2
DA:65,0
DA:67,2
DA:68,2
DA:69,2
DA:70,2
DA:75,5
DA:76,0
DA:77,0
DA:85,0
DA:88,0
DA:93,5
DA:94,0
DA:95,0
DA:106,0
DA:107,0
DA:110,0
LF:41
LH:30
BRDA:76,0,0,0
BRDA:76,0,1,0
BRDA:94,1,0,0
BRDA:94,1,1,0
BRF:4
BRH:0
end_of_record
TN:
SF:src/containers/Logout.js
FN:4,(anonymous_0)
FN:11,(anonymous_1)
FNF:2
FNH:2
FNDA:26,(anonymous_0)
FNDA:2,(anonymous_1)
DA:5,26
DA:6,26
DA:7,26
DA:8,26
DA:11,26
DA:12,2
DA:13,2
LF:7
LH:7
BRF:0
BRH:0
end_of_record
TN:
SF:src/containers/NewBill.js
FN:5,(anonymous_0)
FN:20,(anonymous_1)
FN:48,(anonymous_2)
FN:54,(anonymous_3)
FN:61,(anonymous_4)
FN:91,(anonymous_5)
FN:96,(anonymous_6)
FN:99,(anonymous_7)
FNF:8
FNH:6
FNDA:3,(anonymous_0)
FNDA:2,(anonymous_1)
FNDA:2,(anonymous_2)
FNDA:0,(anonymous_3)
FNDA:4,(anonymous_4)
FNDA:4,(anonymous_5)
FNDA:2,(anonymous_6)
FNDA:0,(anonymous_7)
DA:6,3
DA:7,3
DA:8,3
DA:9,3
DA:12,3
DA:13,3
DA:14,3
DA:15,3
DA:16,3
DA:17,3
DA:18,3
DA:20,3
DA:21,2
DA:23,2
DA:24,2
DA:25,2
DA:26,2
DA:30,2
DA:35,2
DA:36,2
DA:37,2
DA:38,2
DA:39,2
DA:40,2
DA:49,2
DA:50,2
DA:51,2
DA:52,2
DA:54,0
DA:57,0
DA:61,3
DA:62,4
DA:63,4
DA:67,4
DA:68,4
DA:86,4
DA:87,4
DA:91,3
DA:92,4
DA:93,2
DA:97,2
DA:99,0
LF:42
LH:39
BRDA:30,0,0,2
BRDA:30,0,1,0
BRDA:31,1,0,2
BRDA:31,1,1,2
BRDA:31,1,2,2
BRDA:78,2,0,4
BRDA:78,2,1,4
BRDA:92,3,0,2
BRDA:92,3,1,2
BRF:9
BRH:8
end_of_record
TN:
SF:src/views/Actions.js
FN:4,(anonymous_0)
FNF:1
FNH:1
FNDA:26,(anonymous_0)
DA:5,26
LF:1
LH:1
BRF:0
BRH:0
end_of_record
TN:
SF:src/views/BillsUI.js
FN:7,(anonymous_0)
FN:22,(anonymous_1)
FN:26,(anonymous_2)
FN:26,(anonymous_3)
FN:31,(anonymous_4)
FN:33,(anonymous_5)
FNF:6
FNH:6
FNDA:24,(anonymous_0)
FNDA:15,(anonymous_1)
FNDA:21,(anonymous_2)
FNDA:24,(anonymous_3)
FNDA:21,(anonymous_4)
FNDA:15,(anonymous_5)
DA:7,6
DA:8,24
DA:22,6
DA:25,15
DA:26,24
DA:33,21
DA:51,21
DA:52,3
DA:53,18
DA:54,3
DA:57,15
LF:11
LH:11
BRDA:26,0,0,6
BRDA:26,0,1,9
BRDA:26,1,0,15
BRDA:26,1,1,7
BRDA:26,2,0,18
BRDA:26,2,1,3
BRDA:51,3,0,3
BRDA:51,3,1,18
BRDA:53,4,0,3
BRDA:53,4,1,15
BRF:10
BRH:10
end_of_record
TN:
SF:src/views/DashboardFormUI.js
FN:7,(anonymous_0)
FN:24,(anonymous_1)
FNF:2
FNH:2
FNDA:9,(anonymous_0)
FNDA:9,(anonymous_1)
DA:7,9
DA:26,9
LF:2
LH:2
BRDA:79,0,0,6
BRDA:79,0,1,3
BRDA:92,1,0,6
BRDA:92,1,1,3
BRF:4
BRH:4
end_of_record
TN:
SF:src/views/DashboardUI.js
FN:8,(anonymous_0)
FNF:1
FNH:1
FNDA:21,(anonymous_0)
DA:10,21
DA:11,6
DA:12,15
DA:13,3
DA:16,12
LF:5
LH:5
BRDA:10,0,0,6
BRDA:10,0,1,15
BRDA:12,1,0,3
BRDA:12,1,1,12
BRDA:22,2,0,12
BRDA:22,2,1,7
BRDA:29,3,0,12
BRDA:29,3,1,7
BRDA:36,4,0,12
BRDA:36,4,1,7
BRF:10
BRH:10
end_of_record
TN:
SF:src/views/ErrorPage.js
FN:3,(anonymous_0)
FNF:1
FNH:1
FNDA:8,(anonymous_0)
DA:4,8
LF:1
LH:1
BRDA:12,0,0,7
BRDA:12,0,1,1
BRF:2
BRH:2
end_of_record
TN:
SF:src/views/LoadingPage.js
FN:3,(anonymous_0)
FNF:1
FNH:1
FNDA:10,(anonymous_0)
DA:5,10
LF:1
LH:1
BRF:0
BRH:0
end_of_record
TN:
SF:src/views/LoginUI.js
FN:1,(anonymous_0)
FNF:1
FNH:1
FNDA:17,(anonymous_0)
DA:3,17
LF:1
LH:1
BRF:0
BRH:0
end_of_record
TN:
SF:src/views/NewBillUI.js
FN:3,(anonymous_0)
FNF:1
FNH:1
FNDA:5,(anonymous_0)
DA:5,5
LF:1
LH:1
BRF:0
BRH:0
end_of_record
TN:
SF:src/views/VerticalLayout.js
FN:5,(anonymous_0)
FNF:1
FNH:1
FNDA:51,(anonymous_0)
DA:7,51
DA:8,51
DA:9,39
DA:11,51
DA:12,23
DA:29,28
LF:6
LH:6
BRDA:8,0,0,39
BRDA:8,0,1,12
BRDA:11,1,0,23
BRDA:11,1,1,28
BRDA:11,2,0,51
BRDA:11,2,1,39
BRF:6
BRH:6
end_of_record
